DEBUG:root: [None] initializing ...
DEBUG:root: [None] initializing ...
DEBUG:root: [None] initializing ...
DEBUG:root: [None] initializing ...
DEBUG:root: [None] initializing ...
DEBUG:root: [None1] started ...
DEBUG:root: [None1] success:http://dj.iciba.com/gpi
DEBUG:root: [iciba] initializing ...
DEBUG:root: [iciba1] started ...
DEBUG:root: [iciba1] success:http://dj.iciba.com/gpi
DEBUG:root: [iciba] initializing ...
DEBUG:root: [iciba1] started ...
DEBUG:root: [iciba1] success:http://dj.iciba.com/zzzz
DEBUG:root: [iciba] no sentences found in http://dj.iciba.com/zzzz ...
DEBUG:root: [iciba1] success:http://dj.iciba.com/zzm
DEBUG:root: [iciba1] success:http://dj.iciba.com/zzls
DEBUG:root: [iciba1] success:http://dj.iciba.com/zyto
DEBUG:root: [iciba] initializing ...
DEBUG:root: [iciba1] started ...
DEBUG:root: [iciba1] success:http://dj.iciba.com/zzzz
DEBUG:root: [iciba] no sentences found in http://dj.iciba.com/zzzz ...
DEBUG:root: [iciba1] success:http://dj.iciba.com/zzm
DEBUG:root: [iciba] 1 sentences found in http://dj.iciba.com/zzm ...
DEBUG:root: [iciba1] success:http://dj.iciba.com/zzls
DEBUG:root: [iciba] 1 sentences found in http://dj.iciba.com/zzls ...
DEBUG:root: [iciba] initializing ...
DEBUG:root: [iciba1] started ...
DEBUG:root: [iciba1] error:http://dj.iciba.com/zzzz timed out, retry 1 ...
DEBUG:root: [iciba1] success:http://dj.iciba.com/zzzz
DEBUG:root: [iciba] no sentences found in http://dj.iciba.com/zzzz ...
DEBUG:root: [iciba1] success:http://dj.iciba.com/zzm
DEBUG:root: [iciba] 1 sentence(s) found in http://dj.iciba.com/zzm ...
DEBUG:root: [iciba1] success:http://dj.iciba.com/zzls
DEBUG:root: [iciba] 1 sentence(s) found in http://dj.iciba.com/zzls ...
DEBUG:root: [iciba1] success:http://dj.iciba.com/zyto
DEBUG:root: [iciba] 1 sentence(s) found in http://dj.iciba.com/zyto ...
DEBUG:root: [iciba1] success:http://dj.iciba.com/zysmans
DEBUG:root: [iciba] no sentences found in http://dj.iciba.com/zysmans ...
DEBUG:root: [iciba1] success:http://dj.iciba.com/zypr
DEBUG:root: [iciba] no sentences found in http://dj.iciba.com/zypr ...
DEBUG:root: [iciba1] success:http://dj.iciba.com/zymomonas
DEBUG:root: [iciba] 2 sentence(s) found in http://dj.iciba.com/zymomonas ...
DEBUG:root: [iciba1] success:http://dj.iciba.com/zymology
DEBUG:root: [iciba] 1 sentence(s) found in http://dj.iciba.com/zymology ...
DEBUG:root: [iciba1] success:http://dj.iciba.com/zymogram
DEBUG:root: [iciba] 3 sentence(s) found in http://dj.iciba.com/zymogram ...
DEBUG:root: [iciba1] success:http://dj.iciba.com/zymogen
DEBUG:root: [iciba] no sentences found in http://dj.iciba.com/zymogen ...
DEBUG:root: [iciba] initializing ...
DEBUG:root: [iciba1] started ...
DEBUG:root: [iciba1] success:http://dj.iciba.com/zzzz
DEBUG:root: [iciba] no sentences found in http://dj.iciba.com/zzzz ...
DEBUG:root: [iciba1] error:http://dj.iciba.com/zzm timed out, retry 1 ...
DEBUG:root: [iciba1] success:http://dj.iciba.com/zzm
DEBUG:root: [iciba] 1 sentence(s) found in http://dj.iciba.com/zzm ...
DEBUG:root: [iciba1] success:http://dj.iciba.com/zzls
DEBUG:root: [iciba] 1 sentence(s) found in http://dj.iciba.com/zzls ...
DEBUG:root: [iciba1] success:http://dj.iciba.com/zyto
DEBUG:root: [iciba] 1 sentence(s) found in http://dj.iciba.com/zyto ...
DEBUG:root: [iciba1] success:http://dj.iciba.com/zysmans
DEBUG:root: [iciba] no sentences found in http://dj.iciba.com/zysmans ...
DEBUG:root: [iciba1] success:http://dj.iciba.com/zypr
DEBUG:root: [iciba] no sentences found in http://dj.iciba.com/zypr ...
DEBUG:root: [iciba1] success:http://dj.iciba.com/zymomonas
DEBUG:root: [iciba] 2 sentence(s) found in http://dj.iciba.com/zymomonas ...
DEBUG:root: [iciba1] success:http://dj.iciba.com/zymology
DEBUG:root: [iciba] 1 sentence(s) found in http://dj.iciba.com/zymology ...
DEBUG:root: [iciba1] success:http://dj.iciba.com/zymogram
DEBUG:root: [iciba] 3 sentence(s) found in http://dj.iciba.com/zymogram ...
DEBUG:root: [iciba1] success:http://dj.iciba.com/zymogen
DEBUG:root: [iciba] no sentences found in http://dj.iciba.com/zymogen ...
DEBUG:root: [iciba1] success:http://dj.iciba.com/zylkin
DEBUG:root: [iciba] no sentences found in http://dj.iciba.com/zylkin ...
DEBUG:root: [iciba1] success:http://dj.iciba.com/zygotropic
DEBUG:root: [iciba] 1 sentence(s) found in http://dj.iciba.com/zygotropic ...
DEBUG:root: [iciba1] success:http://dj.iciba.com/zygosaccharomyces
DEBUG:root: [iciba] 1 sentence(s) found in http://dj.iciba.com/zygosaccharomyces ...
DEBUG:root: [iciba] initializing ...
DEBUG:root: [iciba1] started ...
DEBUG:root: [iciba1] success:http://dj.iciba.com/zzzz
DEBUG:root: [iciba] no sentences found in http://dj.iciba.com/zzzz ...
DEBUG:root: [iciba1] success:http://dj.iciba.com/zzm
DEBUG:root: [iciba] 1 sentence(s) found in http://dj.iciba.com/zzm ...
DEBUG:root: [iciba] initializing ...
DEBUG:root: [iciba1] started ...
DEBUG:root: [iciba] initializing ...
DEBUG:root: [iciba1] started ...
DEBUG:root: [iciba1] success:http://dj.iciba.com/zzzz
DEBUG:root: [iciba] no sentences found in http://dj.iciba.com/zzzz ...
DEBUG:root: [iciba1] success:http://dj.iciba.com/zzm
DEBUG:root: [iciba] 1 sentence(s) found in http://dj.iciba.com/zzm ...
DEBUG:root: [iciba1] success:http://dj.iciba.com/zzls
DEBUG:root: [iciba] 1 sentence(s) found in http://dj.iciba.com/zzls ...
DEBUG:root: [iciba1] success:http://dj.iciba.com/zyto
DEBUG:root: [iciba] 1 sentence(s) found in http://dj.iciba.com/zyto ...
DEBUG:root: [iciba1] success:http://dj.iciba.com/zysmans
DEBUG:root: [iciba] no sentences found in http://dj.iciba.com/zysmans ...
DEBUG:root: [iciba1] success:http://dj.iciba.com/zypr
DEBUG:root: [iciba] no sentences found in http://dj.iciba.com/zypr ...
DEBUG:root: [iciba] initializing ...
DEBUG:root: [iciba1] started ...
DEBUG:root: [iciba1] error:http://dj.iciba.com/zymomonas HTTP Error 502: Bad Gateway, retry 1 ...
DEBUG:root: [iciba1] error:http://dj.iciba.com/zymomonas HTTP Error 502: Bad Gateway, retry 2 ...
DEBUG:root: [iciba1] success:http://dj.iciba.com/zymomonas
DEBUG:root: [iciba] 2 sentence(s) found in http://dj.iciba.com/zymomonas ...
DEBUG:root: [iciba1] success:http://dj.iciba.com/zymology
DEBUG:root: [iciba] 1 sentence(s) found in http://dj.iciba.com/zymology ...
DEBUG:root: [iciba1] success:http://dj.iciba.com/zymogram
DEBUG:root: [iciba] 3 sentence(s) found in http://dj.iciba.com/zymogram ...
DEBUG:root: [iciba1] success:http://dj.iciba.com/zymogen
DEBUG:root: [iciba] no sentences found in http://dj.iciba.com/zymogen ...
DEBUG:root: [iciba] initializing ...
DEBUG:root: [iciba1] started ...
DEBUG:root: [iciba1] error:http://dj.iciba.com/zylkin timed out, retry 1 ...
DEBUG:root: [iciba1] success:http://dj.iciba.com/zylkin
DEBUG:root: [iciba] no sentences found in http://dj.iciba.com/zylkin ...
DEBUG:root: [iciba1] success:http://dj.iciba.com/zygotropic
DEBUG:root: [iciba] 1 sentence(s) found in http://dj.iciba.com/zygotropic ...
DEBUG:root: [iciba1] success:http://dj.iciba.com/zygosaccharomyces
DEBUG:root: [iciba] 1 sentence(s) found in http://dj.iciba.com/zygosaccharomyces ...
DEBUG:root: [iciba] initializing ...
DEBUG:root: [iciba1] started ...
DEBUG:root: [iciba1] success:http://dj.iciba.com/zygoma
DEBUG:root: [iciba] no sentences found in http://dj.iciba.com/zygoma ...
DEBUG:root: [iciba1] success:http://dj.iciba.com/zygodactyl
DEBUG:root: [iciba] 1 sentence(s) found in http://dj.iciba.com/zygodactyl ...
